<?xml version="1.0" encoding="UTF-8"?>
<!-- Generated by org.testng.reporters.JUnitXMLReporter -->
<testsuite ignored="3" hostname="DESKTOP-J2S3UT7" failures="0" tests="1" name="MyFirstTest" time="37.537" errors="0" timestamp="2022-12-22T10:56:54 GST">
  <testcase classname="testCases.ManageProductTestCases" name="verifyTheImageFileIsSelected" time="7.518"/>
  <testcase classname="testCases.ManageProductTestCases" name="verifyTheColorOfStyleBtn" time="0.0">
    <ignored/>
  </testcase> <!-- verifyTheColorOfStyleBtn -->
  <testcase classname="testCases.ManageProductTestCases" name="verifyTheVegRadioButtonIsSelected" time="0.0">
    <ignored/>
  </testcase> <!-- verifyTheVegRadioButtonIsSelected -->
  <testcase classname="testCases.ManageProductTestCases" name="verifyTheStockRadioBtnIsSelected" time="0.0">
    <ignored/>
  </testcase> <!-- verifyTheStockRadioBtnIsSelected -->
</testsuite> <!-- MyFirstTest -->
