<?xml version="1.0" encoding="UTF-8"?>
<!-- Generated by org.testng.reporters.JUnitXMLReporter -->
<testsuite hostname="DESKTOP-J2S3UT7" ignored="4" name="MyFirstTest" tests="1" failures="0" timestamp="2023-01-16T10:52:32 GST" time="8.812" errors="0">
  <testcase name="verifyTheAlertMessageDisplayed" time="3.371" classname="testCases.PushNotificationsTestCases"/>
  <testcase name="verifyPushNotificationTitleDisplayedCorrectly" time="0.0" classname="testCases.PushNotificationsTestCases">
    <ignored/>
  </testcase> <!-- verifyPushNotificationTitleDisplayedCorrectly -->
  <testcase name="verifyColorOfSendBtn" time="0.0" classname="testCases.PushNotificationsTestCases">
    <ignored/>
  </testcase> <!-- verifyColorOfSendBtn -->
  <testcase name="verifyBackGroundColorOfAlertBox" time="0.0" classname="testCases.PushNotificationsTestCases">
    <ignored/>
  </testcase> <!-- verifyBackGroundColorOfAlertBox -->
  <testcase name="verifyTitleTextBoxHasMandatorySymbol" time="0.0" classname="testCases.PushNotificationsTestCases">
    <ignored/>
  </testcase> <!-- verifyTitleTextBoxHasMandatorySymbol -->
</testsuite> <!-- MyFirstTest -->
