<?xml version="1.0" encoding="UTF-8"?>
<!-- Generated by org.testng.reporters.JUnitXMLReporter -->
<testsuite hostname="DESKTOP-J2S3UT7" ignored="0" name="MySecondTest" tests="7" failures="0" timestamp="2023-01-06T18:08:34 GST" time="53.378" errors="0">
  <testcase name="excelReadLogin" time="0.146" classname="testCases.LoginTestCase"/>
  <testcase name="profileNameStyleValidation" time="0.833" classname="testCases.LoginTestCase"/>
  <testcase name="verifyLoggedUsers" time="0.836" classname="testCases.LoginTestCase"/>
  <testcase name="verifyLoggedUsersWithDataProvider" time="0.693" classname="testCases.LoginTestCase"/>
  <testcase name="verifyLoggedUsersWithDataProvider" time="0.478" classname="testCases.LoginTestCase"/>
  <testcase name="verifyLoggedUsersWithDataProvider" time="0.459" classname="testCases.LoginTestCase"/>
  <testcase name="verifyRememberMeCheckBoxIsSelected" time="0.128" classname="testCases.LoginTestCase"/>
</testsuite> <!-- MySecondTest -->
