<?xml version="1.0" encoding="UTF-8"?>
<!-- Generated by org.testng.reporters.JUnitXMLReporter -->
<testsuite hostname="DESKTOP-J2S3UT7" ignored="0" name="MyThirdTest" tests="7" failures="0" timestamp="2023-01-06T18:09:14 GST" time="40.198" errors="0">
  <testcase name="excelReadLogin" time="0.315" classname="testCases.LoginTestCase"/>
  <testcase name="profileNameStyleValidation" time="2.148" classname="testCases.LoginTestCase"/>
  <testcase name="verifyLoggedUsers" time="0.977" classname="testCases.LoginTestCase"/>
  <testcase name="verifyLoggedUsersWithDataProvider" time="0.959" classname="testCases.LoginTestCase"/>
  <testcase name="verifyLoggedUsersWithDataProvider" time="0.58" classname="testCases.LoginTestCase"/>
  <testcase name="verifyLoggedUsersWithDataProvider" time="0.686" classname="testCases.LoginTestCase"/>
  <testcase name="verifyRememberMeCheckBoxIsSelected" time="0.221" classname="testCases.LoginTestCase"/>
</testsuite> <!-- MyThirdTest -->
