<?xml version="1.0" encoding="UTF-8"?>
<!-- Generated by org.testng.reporters.JUnitXMLReporter -->
<testsuite ignored="4" hostname="DESKTOP-J2S3UT7" failures="0" tests="2" name="MyTestSuite" time="15.127" errors="0" timestamp="2022-12-19T08:06:16 GST">
  <testcase classname="testCases.MobileSliderTestCases" name="verifyMobileSliderTitleIsDisplayedCorrectly" time="2.203"/>
  <testcase classname="testCases.ManageDeliveryBoyTestCases" name="verifyToolTipTextIsDisplayedCorrectly" time="4.586"/>
  <testcase classname="testCases.ManageDeliveryBoyTestCases" name="verifyTheStyleOfNewBtn" time="0.0">
    <ignored/>
  </testcase> <!-- verifyTheStyleOfNewBtn -->
  <testcase classname="testCases.MobileSliderTestCases" name="verifyTheStatusOfItem" time="0.0">
    <ignored/>
  </testcase> <!-- verifyTheStatusOfItem -->
  <testcase classname="testCases.MobileSliderTestCases" name="verifyTheImageIsDisplayed" time="0.0">
    <ignored/>
  </testcase> <!-- verifyTheImageIsDisplayed -->
  <testcase classname="testCases.ManageDeliveryBoyTestCases" name="verifySearchButtonIsClickable" time="0.0">
    <ignored/>
  </testcase> <!-- verifySearchButtonIsClickable -->
</testsuite> <!-- MyTestSuite -->
