<?xml version="1.0" encoding="UTF-8"?>
<!-- Generated by org.testng.reporters.JUnitXMLReporter -->
<testsuite hostname="DESKTOP-J2S3UT7" ignored="5" name="MyTestSuite" tests="3" failures="0" timestamp="2023-01-06T17:12:31 GST" time="28.774" errors="0">
  <testcase name="verifyMobileSliderTitleIsDisplayedCorrectly" time="2.691" classname="testCases.MobileSliderTestCases"/>
  <testcase name="verifyToolTipTextIsDisplayedCorrectly" time="4.871" classname="testCases.ManageDeliveryBoyTestCases"/>
  <testcase name="verifyTheStyleOfNewBtn" time="4.866" classname="testCases.ManageDeliveryBoyTestCases"/>
  <testcase name="verifyTheImageIsDisplayed" time="0.0" classname="testCases.MobileSliderTestCases">
    <ignored/>
  </testcase> <!-- verifyTheImageIsDisplayed -->
  <testcase name="verifySuccessfullDeletionOfDeliveryBoy" time="0.0" classname="testCases.ManageDeliveryBoyTestCases">
    <ignored/>
  </testcase> <!-- verifySuccessfullDeletionOfDeliveryBoy -->
  <testcase name="verifySuccessfullRegistrationOfDeliveryBoy" time="0.0" classname="testCases.ManageDeliveryBoyTestCases">
    <ignored/>
  </testcase> <!-- verifySuccessfullRegistrationOfDeliveryBoy -->
  <testcase name="verifyTheStatusOfItem" time="0.0" classname="testCases.MobileSliderTestCases">
    <ignored/>
  </testcase> <!-- verifyTheStatusOfItem -->
  <testcase name="verifySearchButtonIsClickable" time="0.0" classname="testCases.ManageDeliveryBoyTestCases">
    <ignored/>
  </testcase> <!-- verifySearchButtonIsClickable -->
</testsuite> <!-- MyTestSuite -->
