<?xml version="1.0" encoding="UTF-8"?>
<testng-results ignored="4" total="5" passed="1" failed="0" skipped="0">
  <reporter-output>
  </reporter-output>
  <suite started-at="2022-12-22T18:12:27 GST" name="TestRunnerSuite" finished-at="2022-12-22T18:12:50 GST" duration-ms="22117">
    <groups>
    </groups>
    <test started-at="2022-12-22T18:12:27 GST" name="MyFirstTest" finished-at="2022-12-22T18:12:50 GST" duration-ms="22117">
      <class name="testCases.LoginTestCase">
        <test-method is-config="true" signature="beforeMethod(java.lang.String)[pri:0, instance:testCases.LoginTestCase@1b7cc17c]" started-at="2022-12-22T18:12:28 GST" name="beforeMethod" finished-at="2022-12-22T18:12:32 GST" duration-ms="4299" status="PASS">
          <params>
            <param index="0">
              <value>
                <![CDATA[chrome]]>
              </value>
            </param>
          </params>
          <reporter-output>
          </reporter-output>
        </test-method> <!-- beforeMethod -->
        <test-method signature="excelReadLogin()[pri:0, instance:testCases.LoginTestCase@1b7cc17c]" started-at="2022-12-22T18:12:32 GST" name="excelReadLogin" finished-at="2022-12-22T18:12:33 GST" duration-ms="1428" status="PASS">
          <reporter-output>
          </reporter-output>
        </test-method> <!-- excelReadLogin -->
        <test-method is-config="true" signature="afterMethod(org.testng.ITestResult)[pri:0, instance:testCases.LoginTestCase@1b7cc17c]" started-at="2022-12-22T18:12:33 GST" name="afterMethod" finished-at="2022-12-22T18:12:50 GST" duration-ms="16325" status="PASS">
          <params>
            <param index="0">
              <value>
                <![CDATA[[TestResult name=excelReadLogin status=SUCCESS method=LoginTestCase.excelReadLogin()[pri:0, instance:testCases.LoginTestCase@1b7cc17c] output={null}]]]>
              </value>
            </param>
          </params>
          <reporter-output>
          </reporter-output>
        </test-method> <!-- afterMethod -->
      </class> <!-- testCases.LoginTestCase -->
    </test> <!-- MyFirstTest -->
  </suite> <!-- TestRunnerSuite -->
</testng-results>
