<?xml version="1.0" encoding="UTF-8"?>
<testng-results skipped="0" failed="0" ignored="0" total="2" passed="2">
  <reporter-output>
  </reporter-output>
  <suite name="TestRunnerSuite" duration-ms="16228" started-at="2023-01-10T19:31:18 GST" finished-at="2023-01-10T19:31:34 GST">
    <groups>
    </groups>
    <test name="MyFirstTest" duration-ms="16228" started-at="2023-01-10T19:31:18 GST" finished-at="2023-01-10T19:31:34 GST">
      <class name="testCases.AdminUsersTestCases">
        <test-method status="PASS" signature="beforeMethod(java.lang.String)[pri:0, instance:testCases.AdminUsersTestCases@467aecef]" name="beforeMethod" is-config="true" duration-ms="5605" started-at="2023-01-10T19:31:18 GST" finished-at="2023-01-10T19:31:24 GST">
          <params>
            <param index="0">
              <value>
                <![CDATA[chrome]]>
              </value>
            </param>
          </params>
          <reporter-output>
          </reporter-output>
        </test-method> <!-- beforeMethod -->
        <test-method status="PASS" signature="validateAdminProfileWithFaker()[pri:1, instance:testCases.AdminUsersTestCases@467aecef]" name="validateAdminProfileWithFaker" duration-ms="4084" started-at="2023-01-10T19:31:24 GST" description="validating a user profile already exists while using faker class" finished-at="2023-01-10T19:31:28 GST">
          <reporter-output>
          </reporter-output>
        </test-method> <!-- validateAdminProfileWithFaker -->
        <test-method status="PASS" signature="afterMethod(org.testng.ITestResult)[pri:0, instance:testCases.AdminUsersTestCases@467aecef]" name="afterMethod" is-config="true" duration-ms="152" started-at="2023-01-10T19:31:28 GST" finished-at="2023-01-10T19:31:28 GST">
          <params>
            <param index="0">
              <value>
                <![CDATA[[TestResult name=validateAdminProfileWithFaker status=SUCCESS method=AdminUsersTestCases.validateAdminProfileWithFaker()[pri:1, instance:testCases.AdminUsersTestCases@467aecef] output={null}]]]>
              </value>
            </param>
          </params>
          <reporter-output>
          </reporter-output>
        </test-method> <!-- afterMethod -->
        <test-method status="PASS" signature="beforeMethod(java.lang.String)[pri:0, instance:testCases.AdminUsersTestCases@467aecef]" name="beforeMethod" is-config="true" duration-ms="2896" started-at="2023-01-10T19:31:28 GST" finished-at="2023-01-10T19:31:31 GST">
          <params>
            <param index="0">
              <value>
                <![CDATA[chrome]]>
              </value>
            </param>
          </params>
          <reporter-output>
          </reporter-output>
        </test-method> <!-- beforeMethod -->
        <test-method status="PASS" signature="validateAdminProfileAlreadyExists()[pri:2, instance:testCases.AdminUsersTestCases@467aecef]" name="validateAdminProfileAlreadyExists" duration-ms="3285" started-at="2023-01-10T19:31:31 GST" description="validating a user profile already exists" finished-at="2023-01-10T19:31:34 GST">
          <reporter-output>
          </reporter-output>
        </test-method> <!-- validateAdminProfileAlreadyExists -->
        <test-method status="PASS" signature="afterMethod(org.testng.ITestResult)[pri:0, instance:testCases.AdminUsersTestCases@467aecef]" name="afterMethod" is-config="true" duration-ms="151" started-at="2023-01-10T19:31:34 GST" finished-at="2023-01-10T19:31:34 GST">
          <params>
            <param index="0">
              <value>
                <![CDATA[[TestResult name=validateAdminProfileAlreadyExists status=SUCCESS method=AdminUsersTestCases.validateAdminProfileAlreadyExists()[pri:2, instance:testCases.AdminUsersTestCases@467aecef] output={null}]]]>
              </value>
            </param>
          </params>
          <reporter-output>
          </reporter-output>
        </test-method> <!-- afterMethod -->
      </class> <!-- testCases.AdminUsersTestCases -->
    </test> <!-- MyFirstTest -->
  </suite> <!-- TestRunnerSuite -->
</testng-results>
