<?xml version="1.0" encoding="UTF-8"?>
<testng-results skipped="0" failed="0" ignored="4" total="5" passed="1">
  <reporter-output>
  </reporter-output>
  <suite name="TestRunnerSuite" duration-ms="8812" started-at="2023-01-16T10:52:23 GST" finished-at="2023-01-16T10:52:32 GST">
    <groups>
    </groups>
    <test name="MyFirstTest" duration-ms="8812" started-at="2023-01-16T10:52:23 GST" finished-at="2023-01-16T10:52:32 GST">
      <class name="testCases.PushNotificationsTestCases">
        <test-method status="PASS" signature="beforeMethod(java.lang.String)[pri:0, instance:testCases.PushNotificationsTestCases@7a187f14]" name="beforeMethod" is-config="true" duration-ms="5265" started-at="2023-01-16T10:52:23 GST" finished-at="2023-01-16T10:52:28 GST">
          <params>
            <param index="0">
              <value>
                <![CDATA[chrome]]>
              </value>
            </param>
          </params>
          <reporter-output>
          </reporter-output>
        </test-method> <!-- beforeMethod -->
        <test-method status="PASS" signature="verifyTheAlertMessageDisplayed()[pri:5, instance:testCases.PushNotificationsTestCases@7a187f14]" name="verifyTheAlertMessageDisplayed" duration-ms="3371" started-at="2023-01-16T10:52:28 GST" description="alert message verification" finished-at="2023-01-16T10:52:31 GST">
          <reporter-output>
          </reporter-output>
        </test-method> <!-- verifyTheAlertMessageDisplayed -->
        <test-method status="PASS" signature="afterMethod(org.testng.ITestResult)[pri:0, instance:testCases.PushNotificationsTestCases@7a187f14]" name="afterMethod" is-config="true" duration-ms="130" started-at="2023-01-16T10:52:31 GST" finished-at="2023-01-16T10:52:32 GST">
          <params>
            <param index="0">
              <value>
                <![CDATA[[TestResult name=verifyTheAlertMessageDisplayed status=SUCCESS method=PushNotificationsTestCases.verifyTheAlertMessageDisplayed()[pri:5, instance:testCases.PushNotificationsTestCases@7a187f14] output={null}]]]>
              </value>
            </param>
          </params>
          <reporter-output>
          </reporter-output>
        </test-method> <!-- afterMethod -->
      </class> <!-- testCases.PushNotificationsTestCases -->
    </test> <!-- MyFirstTest -->
  </suite> <!-- TestRunnerSuite -->
</testng-results>
