<?xml version="1.0" encoding="UTF-8"?>
<testng-results skipped="0" failed="0" ignored="3" total="4" passed="1">
  <reporter-output>
  </reporter-output>
  <suite name="TestRunnerSuite" duration-ms="15276" started-at="2023-01-09T03:00:51 GST" finished-at="2023-01-09T03:01:07 GST">
    <groups>
    </groups>
    <test name="MyFirstTest" duration-ms="15276" started-at="2023-01-09T03:00:51 GST" finished-at="2023-01-09T03:01:07 GST">
      <class name="testCases.ManageProductTestCases">
        <test-method status="PASS" signature="beforeMethod(java.lang.String)[pri:0, instance:testCases.ManageProductTestCases@307f6b8c]" name="beforeMethod" is-config="true" duration-ms="5433" started-at="2023-01-09T03:00:51 GST" finished-at="2023-01-09T03:00:57 GST">
          <params>
            <param index="0">
              <value>
                <![CDATA[chrome]]>
              </value>
            </param>
          </params>
          <reporter-output>
          </reporter-output>
        </test-method> <!-- beforeMethod -->
        <test-method status="PASS" signature="verifyTheImageFileIsSelected()[pri:1, instance:testCases.ManageProductTestCases@307f6b8c]" name="verifyTheImageFileIsSelected" duration-ms="8617" started-at="2023-01-09T03:00:57 GST" description="verify image file is choosen" finished-at="2023-01-09T03:01:06 GST">
          <reporter-output>
          </reporter-output>
        </test-method> <!-- verifyTheImageFileIsSelected -->
        <test-method status="PASS" signature="afterMethod(org.testng.ITestResult)[pri:0, instance:testCases.ManageProductTestCases@307f6b8c]" name="afterMethod" is-config="true" duration-ms="1175" started-at="2023-01-09T03:01:06 GST" finished-at="2023-01-09T03:01:07 GST">
          <params>
            <param index="0">
              <value>
                <![CDATA[[TestResult name=verifyTheImageFileIsSelected status=SUCCESS method=ManageProductTestCases.verifyTheImageFileIsSelected()[pri:1, instance:testCases.ManageProductTestCases@307f6b8c] output={null}]]]>
              </value>
            </param>
          </params>
          <reporter-output>
          </reporter-output>
        </test-method> <!-- afterMethod -->
      </class> <!-- testCases.ManageProductTestCases -->
    </test> <!-- MyFirstTest -->
  </suite> <!-- TestRunnerSuite -->
</testng-results>
