<?xml version="1.0" encoding="UTF-8"?>
<testng-results ignored="3" total="4" passed="1" failed="0" skipped="0">
  <reporter-output>
  </reporter-output>
  <suite started-at="2022-12-22T10:56:16 GST" name="TestRunnerSuite" finished-at="2022-12-22T10:56:54 GST" duration-ms="37537">
    <groups>
    </groups>
    <test started-at="2022-12-22T10:56:16 GST" name="MyFirstTest" finished-at="2022-12-22T10:56:54 GST" duration-ms="37537">
      <class name="testCases.ManageProductTestCases">
        <test-method is-config="true" signature="beforeMethod(java.lang.String)[pri:0, instance:testCases.ManageProductTestCases@2d7275fc]" started-at="2022-12-22T10:56:16 GST" name="beforeMethod" finished-at="2022-12-22T10:56:45 GST" duration-ms="29014" status="PASS">
          <params>
            <param index="0">
              <value>
                <![CDATA[chrome]]>
              </value>
            </param>
          </params>
          <reporter-output>
          </reporter-output>
        </test-method> <!-- beforeMethod -->
        <test-method signature="verifyTheImageFileIsSelected()[pri:1, instance:testCases.ManageProductTestCases@2d7275fc]" started-at="2022-12-22T10:56:45 GST" name="verifyTheImageFileIsSelected" description="verify image file is choosen" finished-at="2022-12-22T10:56:53 GST" duration-ms="7518" status="PASS">
          <reporter-output>
          </reporter-output>
        </test-method> <!-- verifyTheImageFileIsSelected -->
        <test-method is-config="true" signature="afterMethod(org.testng.ITestResult)[pri:0, instance:testCases.ManageProductTestCases@2d7275fc]" started-at="2022-12-22T10:56:53 GST" name="afterMethod" finished-at="2022-12-22T10:56:54 GST" duration-ms="943" status="PASS">
          <params>
            <param index="0">
              <value>
                <![CDATA[[TestResult name=verifyTheImageFileIsSelected status=SUCCESS method=ManageProductTestCases.verifyTheImageFileIsSelected()[pri:1, instance:testCases.ManageProductTestCases@2d7275fc] output={null}]]]>
              </value>
            </param>
          </params>
          <reporter-output>
          </reporter-output>
        </test-method> <!-- afterMethod -->
      </class> <!-- testCases.ManageProductTestCases -->
    </test> <!-- MyFirstTest -->
  </suite> <!-- TestRunnerSuite -->
</testng-results>
